<?xml version="1.0" encoding="UTF-8"?>
<!-- Generated by org.testng.reporters.JUnitXMLReporter -->
<testsuite ignored="0" hostname="VASU" failures="0" tests="1" name="AllTests2" time="1.579" errors="0" timestamp="2023-03-22T23:45:46 IST">
  <testcase classname="testBase.BaseClass" name="@BeforeClass setup" time="1.17">
    <failure type="java.lang.AssertionError" message="null">
      <![CDATA[java.lang.AssertionError: null
at testBase.BaseClass.setup(BaseClass.java:70)
at java.base/java.util.ArrayList.forEach(ArrayList.java:1541)
... Removed 31 stack frames]]>
    </failure>
  </testcase> <!-- @BeforeClass setup -->
  <testcase classname="testBase.BaseClass" name="@AfterClass teardown" time="0.0">
    <skipped/>
  </testcase> <!-- @AfterClass teardown -->
  <testcase classname="testCases.TC_009_VerifySearchProduct" name="test_search_product" time="0.0">
    <skipped/>
  </testcase> <!-- test_search_product -->
</testsuite> <!-- AllTests2 -->
