<?xml version="1.0" encoding="UTF-8"?>
<!-- Generated by org.testng.reporters.JUnitXMLReporter -->
<testsuite ignored="0" hostname="VASU" failures="0" tests="1" name="Default test(failed)(failed)" time="0.137" errors="0" timestamp="2023-03-15T10:19:51 IST">
  <testcase classname="testBase.BaseClass" name="@BeforeClass setup" time="-1.678855790921E9">
    <failure type="org.testng.TestNGException" message="
Parameter &amp;apos;browser&amp;apos; is required by BeforeClass on method setup but has not been marked @Optional or defined
in C:\Users\vasu1\Java Learning\AutomationExerciseApp\test-output\testng-failed.xml">
      <![CDATA[org.testng.TestNGException: 
Parameter 'browser' is required by BeforeClass on method setup but has not been marked @Optional or defined
in C:\Users\vasu1\Java Learning\AutomationExerciseApp\test-output\testng-failed.xml
at java.base/java.util.ArrayList.forEach(ArrayList.java:1511)
... Removed 22 stack frames]]>
    </failure>
  </testcase> <!-- @BeforeClass setup -->
  <testcase classname="testBase.BaseClass" name="@AfterClass teardown" time="-1.678855791005E9">
    <skipped/>
  </testcase> <!-- @AfterClass teardown -->
  <testcase classname="testCases.TC_001_Register_user" name="test_signupPage" time="0.0">
    <skipped/>
  </testcase> <!-- test_signupPage -->
</testsuite> <!-- Default test(failed)(failed) -->
