<?xml version="1.0" encoding="UTF-8"?>
<!-- Generated by org.testng.reporters.JUnitXMLReporter -->
<testsuite ignored="0" hostname="VASU" failures="3" tests="7" name="AllTests" time="265.764" errors="0" timestamp="2023-03-01T18:49:27 IST">
  <testcase classname="testCases.TC_001_Register_user" name="test_signupPage" time="2.105"/>
  <testcase classname="testCases.TC_001_Register_user" name="test_acc_created" time="5.598">
    <failure type="java.lang.AssertionError" message="null">
      <![CDATA[java.lang.AssertionError: null
at testCases.TC_001_Register_user.test_acc_created(TC_001_Register_user.java:69)
at java.base/java.util.ArrayList.forEach(ArrayList.java:1511)
... Removed 29 stack frames]]>
    </failure>
  </testcase> <!-- test_acc_created -->
  <testcase classname="testCases.TC_001_Register_user" name="test_logHpage" time="0.0">
    <skipped/>
  </testcase> <!-- test_logHpage -->
  <testcase classname="testCases.TC_001_Register_user" name="test_verify_delete_acc" time="0.0">
    <skipped/>
  </testcase> <!-- test_verify_delete_acc -->
  <testcase classname="testCases.TC_004_LogoutTestValid" name="test_Login" time="23.887"/>
  <testcase classname="testCases.TC_003_loginTestInvalid" name="test_Login" time="1.662">
    <failure type="java.lang.AssertionError" message="expected [Login to your- account] but found [Login to your account]">
      <![CDATA[java.lang.AssertionError: expected [Login to your- account] but found [Login to your account]
at testCases.TC_003_loginTestInvalid.test_Login(TC_003_loginTestInvalid.java:20)
at java.base/java.util.ArrayList.forEach(ArrayList.java:1511)
... Removed 33 stack frames]]>
    </failure>
  </testcase> <!-- test_Login -->
  <testcase classname="testCases.TC_002_LoginTest" name="test_Login" time="69.44">
    <failure type="java.lang.AssertionError" message="expected [Login to your account] but found [Unable to find element with locator By.xpath: //h2[normalize-space()=&amp;apos;Login to your account&amp;apos;]
For documentation on this error, please visit: https://selenium.dev/exceptions/#no_such_element
Build info: version: &amp;apos;4.8.1&amp;apos;, revision: &amp;apos;8ebccac989&amp;apos;
System info: os.name: &amp;apos;Windows 11&amp;apos;, os.arch: &amp;apos;amd64&amp;apos;, os.version: &amp;apos;10.0&amp;apos;, java.version: &amp;apos;17.0.5&amp;apos;
Driver info: driver.version: RemoteWebDriver]">
      <![CDATA[java.lang.AssertionError: expected [Login to your account] but found [Unable to find element with locator By.xpath: //h2[normalize-space()='Login to your account']
For documentation on this error, please visit: https://selenium.dev/exceptions/#no_such_element
Build info: version: '4.8.1', revision: '8ebccac989'
System info: os.name: 'Windows 11', os.arch: 'amd64', os.version: '10.0', java.version: '17.0.5'
Driver info: driver.version: RemoteWebDriver]
at testCases.TC_002_LoginTest.test_Login(TC_002_LoginTest.java:22)
at java.base/java.util.ArrayList.forEach(ArrayList.java:1511)
... Removed 33 stack frames]]>
    </failure>
  </testcase> <!-- test_Login -->
</testsuite> <!-- AllTests -->
