<?xml version="1.0" encoding="UTF-8"?>
<!-- Generated by org.testng.reporters.JUnitXMLReporter -->
<testsuite ignored="0" hostname="VASU" failures="1" tests="1" name="grouping(failed)(failed)(failed)(failed)" time="52.996" errors="0" timestamp="2023-03-14T19:35:33 IST">
  <testcase classname="testCases.TC_001_Register_user" name="test_signupPage" time="18.182">
    <failure type="java.lang.AssertionError" message="null">
      <![CDATA[java.lang.AssertionError: null
at testCases.TC_001_Register_user.test_signupPage(TC_001_Register_user.java:70)
at java.base/java.util.ArrayList.forEach(ArrayList.java:1511)
... Removed 29 stack frames]]>
    </failure>
  </testcase> <!-- test_signupPage -->
</testsuite> <!-- grouping(failed)(failed)(failed)(failed) -->
