<?xml version="1.0" encoding="UTF-8"?>
<testng-results ignored="0" total="1" passed="0" failed="1" skipped="0">
  <reporter-output>
  </reporter-output>
  <suite started-at="2023-03-22T04:27:27 IST" name="MasterSuite" finished-at="2023-03-22T04:28:02 IST" duration-ms="34816">
    <groups>
      <group name="sanity">
        <method signature="TC_009_VerifySearchProduct.test_search_product()[pri:0, instance:testCases.TC_009_VerifySearchProduct@21282ed8]" name="test_search_product" class="testCases.TC_009_VerifySearchProduct"/>
      </group> <!-- sanity -->
    </groups>
    <test started-at="2023-03-22T04:27:27 IST" name="AllTests2" finished-at="2023-03-22T04:28:02 IST" duration-ms="34816">
      <class name="testCases.TC_009_VerifySearchProduct">
        <test-method is-config="true" signature="setup(java.lang.String)[pri:0, instance:testCases.TC_009_VerifySearchProduct@21282ed8]" started-at="2023-03-22T04:27:27 IST" name="setup" finished-at="2023-03-22T04:27:41 IST" duration-ms="13653" status="PASS">
          <params>
            <param index="0">
              <value>
                <![CDATA[edge]]>
              </value>
            </param>
          </params>
          <reporter-output>
          </reporter-output>
        </test-method> <!-- setup -->
        <test-method signature="test_search_product()[pri:0, instance:testCases.TC_009_VerifySearchProduct@21282ed8]" started-at="2023-03-22T04:27:41 IST" name="test_search_product" finished-at="2023-03-22T04:28:00 IST" duration-ms="18739" status="FAIL">
          <exception class="java.lang.AssertionError">
            <message>
              <![CDATA[null]]>
            </message>
            <full-stacktrace>
              <![CDATA[java.lang.AssertionError: null
at org.testng.Assert.fail(Assert.java:99)
at org.testng.Assert.fail(Assert.java:106)
at pageObjects.ProductsLandingPage.productname(ProductsLandingPage.java:67)
at testCases.TC_009_VerifySearchProduct.test_search_product(TC_009_VerifySearchProduct.java:28)
at java.base/jdk.internal.reflect.NativeMethodAccessorImpl.invoke0(Native Method)
at java.base/jdk.internal.reflect.NativeMethodAccessorImpl.invoke(NativeMethodAccessorImpl.java:77)
at java.base/jdk.internal.reflect.DelegatingMethodAccessorImpl.invoke(DelegatingMethodAccessorImpl.java:43)
at java.base/java.lang.reflect.Method.invoke(Method.java:568)
at org.testng.internal.MethodInvocationHelper.invokeMethod(MethodInvocationHelper.java:133)
at org.testng.internal.TestInvoker.invokeMethod(TestInvoker.java:598)
at org.testng.internal.TestInvoker.invokeTestMethod(TestInvoker.java:173)
at org.testng.internal.MethodRunner.runInSequence(MethodRunner.java:46)
at org.testng.internal.TestInvoker$MethodInvocationAgent.invoke(TestInvoker.java:824)
at org.testng.internal.TestInvoker.invokeTestMethods(TestInvoker.java:146)
at org.testng.internal.TestMethodWorker.invokeTestMethods(TestMethodWorker.java:146)
at org.testng.internal.TestMethodWorker.run(TestMethodWorker.java:128)
at java.base/java.util.ArrayList.forEach(ArrayList.java:1511)
at org.testng.TestRunner.privateRun(TestRunner.java:794)
at org.testng.TestRunner.run(TestRunner.java:596)
at org.testng.SuiteRunner.runTest(SuiteRunner.java:377)
at org.testng.SuiteRunner.runSequentially(SuiteRunner.java:371)
at org.testng.SuiteRunner.privateRun(SuiteRunner.java:332)
at org.testng.SuiteRunner.run(SuiteRunner.java:276)
at org.testng.SuiteRunnerWorker.runSuite(SuiteRunnerWorker.java:53)
at org.testng.SuiteRunnerWorker.run(SuiteRunnerWorker.java:96)
at org.testng.TestNG.runSuitesSequentially(TestNG.java:1212)
at org.testng.TestNG.runSuitesLocally(TestNG.java:1134)
at org.testng.TestNG.runSuites(TestNG.java:1063)
at org.testng.TestNG.run(TestNG.java:1031)
at org.testng.remote.AbstractRemoteTestNG.run(AbstractRemoteTestNG.java:115)
at org.testng.remote.RemoteTestNG.initAndRun(RemoteTestNG.java:251)
at org.testng.remote.RemoteTestNG.main(RemoteTestNG.java:77)
]]>
            </full-stacktrace>
          </exception> <!-- java.lang.AssertionError -->
          <reporter-output>
          </reporter-output>
        </test-method> <!-- test_search_product -->
        <test-method is-config="true" signature="teardown()[pri:0, instance:testCases.TC_009_VerifySearchProduct@21282ed8]" started-at="2023-03-22T04:28:01 IST" name="teardown" finished-at="2023-03-22T04:28:02 IST" duration-ms="866" status="PASS">
          <reporter-output>
          </reporter-output>
        </test-method> <!-- teardown -->
      </class> <!-- testCases.TC_009_VerifySearchProduct -->
    </test> <!-- AllTests2 -->
  </suite> <!-- MasterSuite -->
</testng-results>
